2020-03-23 09:22:07,133 - MyWindow - INFO - Program started
2020-03-23 09:22:09,144 - TiaChooser - INFO - window opened
2020-03-23 09:22:10,220 - TiaHandler - INFO - Connected to Z:\Projects\Siemens\CEPI_reload\CEPI_reload.ap14
2020-03-23 09:22:10,304 - TiaChooser - INFO - Z:\Projects\Siemens\CEPI_reload\CEPI_reload.ap14
2020-03-23 09:22:16,936 - TiaHandler - INFO - Block WP104 was exported
2020-03-23 09:22:16,993 - TiaHandler - INFO - Block Read_WP104_DP was exported
2020-03-23 09:22:17,050 - TiaHandler - INFO - Block LibModbusMaster_DB was exported
2020-03-23 09:22:20,517 - TiaHandler - ERROR - Block Library_Standart was not found
2020-03-23 09:23:14,411 - MyWindow - INFO - Program started
2020-03-23 09:26:37,884 - MyWindow - INFO - Program started
2020-03-23 09:27:53,503 - MyWindow - INFO - Program started
2020-03-23 10:10:03,121 - MyWindow - INFO - Program started
2020-03-23 10:15:40,249 - MyWindow - INFO - Program started
2020-03-23 10:16:00,739 - MyWindow - INFO - Program started
2020-03-23 10:16:10,019 - MyWindow - INFO - Program started
2020-03-23 11:17:54,357 - MyWindow - INFO - Program started
2020-03-23 11:19:44,871 - MyWindow - INFO - Program started
2020-03-23 11:20:17,032 - MyWindow - INFO - Program started
2020-03-23 11:22:40,988 - MyWindow - INFO - Program started
2020-03-23 11:23:33,033 - MyWindow - INFO - Program started
2020-03-23 11:23:36,965 - TiaChooser - INFO - window opened
2020-03-23 11:23:41,732 - TiaHandler - INFO - Connected to Z:\Projects\Siemens\CEPI_reload\CEPI_reload.ap14
2020-03-23 11:23:41,811 - TiaChooser - INFO - Z:\Projects\Siemens\CEPI_reload\CEPI_reload.ap14
2020-03-23 11:25:02,861 - MyWindow - INFO - Program started
2020-03-23 11:25:05,477 - TiaChooser - INFO - window opened
2020-03-23 11:25:06,725 - TiaHandler - INFO - Connected to Z:\Projects\Siemens\CEPI_reload\CEPI_reload.ap14
2020-03-23 11:25:06,784 - TiaChooser - INFO - Z:\Projects\Siemens\CEPI_reload\CEPI_reload.ap14
2020-03-23 11:25:47,606 - MyWindow - INFO - Program started
2020-03-23 11:25:50,220 - TiaChooser - INFO - window opened
2020-03-23 11:25:51,079 - TiaHandler - INFO - Connected to Z:\Projects\Siemens\CEPI_reload\CEPI_reload.ap14
2020-03-23 11:25:51,153 - TiaChooser - INFO - Z:\Projects\Siemens\CEPI_reload\CEPI_reload.ap14
2020-03-23 11:27:25,948 - MyWindow - INFO - Program started
2020-03-23 11:27:29,794 - TiaChooser - INFO - window opened
2020-03-23 11:27:30,702 - TiaHandler - INFO - Connected to Z:\Projects\Siemens\CEPI_reload\CEPI_reload.ap14
2020-03-23 11:27:30,778 - TiaChooser - INFO - Z:\Projects\Siemens\CEPI_reload\CEPI_reload.ap14
2020-03-23 11:37:35,483 - MyWindow - INFO - Program started
2020-03-23 11:37:38,981 - TiaChooser - INFO - window opened
2020-03-23 11:37:39,664 - TiaHandler - INFO - Connected to Z:\Projects\Siemens\CEPI_reload\CEPI_reload.ap14
2020-03-23 11:37:39,739 - TiaChooser - INFO - Z:\Projects\Siemens\CEPI_reload\CEPI_reload.ap14
2020-03-23 11:38:33,031 - MyWindow - INFO - Program started
2020-03-23 11:38:35,662 - TiaChooser - INFO - window opened
2020-03-23 11:38:36,822 - TiaHandler - INFO - Connected to Z:\Projects\Siemens\CEPI_reload\CEPI_reload.ap14
2020-03-23 11:38:36,913 - TiaChooser - INFO - Z:\Projects\Siemens\CEPI_reload\CEPI_reload.ap14
2020-03-23 11:39:25,525 - MyWindow - INFO - Program started
2020-03-23 11:39:27,338 - TiaChooser - INFO - window opened
2020-03-23 11:39:28,044 - TiaHandler - INFO - Connected to Z:\Projects\Siemens\CEPI_reload\CEPI_reload.ap14
2020-03-23 11:39:28,134 - TiaChooser - INFO - Z:\Projects\Siemens\CEPI_reload\CEPI_reload.ap14
2020-03-23 11:44:51,839 - MyWindow - INFO - Program started
2020-03-23 11:44:55,320 - TiaChooser - INFO - window opened
2020-03-23 11:44:56,451 - TiaHandler - INFO - Connected to Z:\Projects\Siemens\CEPI_reload\CEPI_reload.ap14
2020-03-23 11:44:56,555 - TiaChooser - INFO - Z:\Projects\Siemens\CEPI_reload\CEPI_reload.ap14
2020-03-23 11:46:31,258 - MyWindow - INFO - Program started
2020-03-23 11:46:32,730 - TiaChooser - INFO - window opened
2020-03-23 11:46:33,245 - TiaHandler - INFO - Connected to Z:\Projects\Siemens\CEPI_reload\CEPI_reload.ap14
2020-03-23 11:46:33,304 - TiaChooser - INFO - Z:\Projects\Siemens\CEPI_reload\CEPI_reload.ap14
2020-03-23 11:48:04,889 - MyWindow - INFO - Program started
2020-03-23 11:48:09,314 - TiaChooser - INFO - window opened
2020-03-23 11:48:11,362 - TiaHandler - INFO - Connected to Z:\Projects\Siemens\CEPI_reload\CEPI_reload.ap14
2020-03-23 11:48:11,500 - TiaChooser - INFO - Z:\Projects\Siemens\CEPI_reload\CEPI_reload.ap14
2020-03-23 11:49:26,491 - MyWindow - INFO - Program started
2020-03-23 11:49:27,971 - TiaChooser - INFO - window opened
2020-03-23 11:49:28,817 - TiaHandler - INFO - Connected to Z:\Projects\Siemens\CEPI_reload\CEPI_reload.ap14
2020-03-23 11:49:28,878 - TiaChooser - INFO - Z:\Projects\Siemens\CEPI_reload\CEPI_reload.ap14
2020-03-23 11:54:33,511 - MyWindow - INFO - Program started
2020-03-23 11:54:36,856 - TiaChooser - INFO - window opened
2020-03-23 11:54:38,863 - TiaHandler - INFO - Connected to Z:\Projects\Siemens\CEPI_reload\CEPI_reload.ap14
2020-03-23 11:54:38,948 - TiaChooser - INFO - Z:\Projects\Siemens\CEPI_reload\CEPI_reload.ap14
2020-03-23 11:57:41,056 - MyWindow - INFO - Program started
2020-03-23 11:57:45,386 - TiaChooser - INFO - window opened
2020-03-23 11:57:47,281 - TiaHandler - INFO - Connected to Z:\Projects\Siemens\CEPI_reload\CEPI_reload.ap14
2020-03-23 11:57:47,364 - TiaChooser - INFO - Z:\Projects\Siemens\CEPI_reload\CEPI_reload.ap14
2020-03-23 12:03:22,581 - MyWindow - INFO - Program started
2020-03-23 12:03:24,457 - TiaChooser - INFO - window opened
2020-03-23 12:03:48,983 - MyWindow - INFO - Program started
2020-03-23 12:03:50,171 - TiaChooser - INFO - window opened
2020-03-23 12:03:56,045 - MyWindow - INFO - Program started
2020-03-23 12:03:57,177 - TiaChooser - INFO - window opened
2020-03-23 12:04:55,077 - MyWindow - INFO - Program started
2020-03-23 12:04:57,093 - TiaChooser - INFO - window opened
2020-03-23 12:05:20,407 - MyWindow - INFO - Program started
2020-03-23 12:05:23,148 - TiaChooser - INFO - window opened
2020-03-23 12:05:23,150 - TiaChooser - INFO - Подлючиться к проекту
2020-03-23 12:05:38,697 - MyWindow - INFO - Program started
2020-03-23 12:05:41,366 - TiaChooser - INFO - window opened
2020-03-23 12:05:53,364 - MyWindow - INFO - Program started
2020-03-23 12:05:57,669 - TiaChooser - INFO - window opened
2020-03-23 12:11:23,516 - MyWindow - INFO - Program started
2020-03-23 12:11:25,767 - TiaChooser - INFO - window opened
2020-03-23 12:11:52,607 - MyWindow - INFO - Program started
2020-03-23 12:11:55,537 - TiaChooser - INFO - window opened
2020-03-23 12:11:58,368 - TiaHandler - INFO - Connected to Z:\Projects\Siemens\CEPI_reload\CEPI_reload.ap14
2020-03-23 12:11:58,447 - TiaChooser - INFO - Z:\Projects\Siemens\CEPI_reload\CEPI_reload.ap14
2020-03-23 12:12:06,214 - TiaChooser - INFO - window opened
2020-03-23 12:12:07,005 - TiaHandler - INFO - Connected to Z:\Projects\Siemens\CEPI_reload\CEPI_reload.ap14
2020-03-23 12:12:07,036 - TiaChooser - INFO - Z:\Projects\Siemens\CEPI_reload\CEPI_reload.ap14
2020-03-23 12:12:07,036 - TiaChooser - INFO - Z:\Projects\Siemens\CEPI_reload\CEPI_reload.ap14
2020-03-23 12:12:53,826 - MyWindow - INFO - Program started
2020-03-23 12:12:56,298 - TiaChooser - INFO - window opened
2020-03-23 12:12:58,072 - TiaHandler - INFO - Connected to Z:\Projects\Siemens\CEPI_reload\CEPI_reload.ap14
2020-03-23 12:12:58,142 - TiaChooser - INFO - Z:\Projects\Siemens\CEPI_reload\CEPI_reload.ap14
2020-03-23 12:13:19,207 - TiaChooser - INFO - window opened
2020-03-23 12:13:46,107 - TiaChooser - INFO - window opened
2020-03-23 12:13:46,107 - TiaChooser - INFO - window opened
2020-03-23 12:13:46,107 - TiaChooser - INFO - window opened
2020-03-23 12:14:12,697 - MyWindow - INFO - Program started
2020-03-23 12:14:15,961 - TiaChooser - INFO - window opened
2020-03-23 12:14:28,120 - MyWindow - INFO - Program started
2020-03-23 12:14:29,912 - TiaChooser - INFO - window opened
2020-03-23 12:14:41,900 - TiaHandler - INFO - Connected to Z:\Projects\Siemens\CEPI_NEW\Cepi_Bataisk\Cepi_Bataisk.ap14
2020-03-23 12:14:44,148 - TiaChooser - INFO - Z:\Projects\Siemens\CEPI_NEW\Cepi_Bataisk\Cepi_Bataisk.ap14
2020-03-23 12:15:03,561 - MyWindow - INFO - Program started
2020-03-23 12:15:06,319 - TiaChooser - INFO - window opened
2020-03-23 12:15:07,954 - TiaHandler - INFO - Connected to Z:\Projects\Siemens\CEPI_NEW\Cepi_Bataisk\Cepi_Bataisk.ap14
2020-03-23 12:15:08,021 - TiaChooser - INFO - Z:\Projects\Siemens\CEPI_NEW\Cepi_Bataisk\Cepi_Bataisk.ap14
2020-03-23 12:15:09,555 - TiaChooser - INFO - window opened
2020-03-23 12:15:09,555 - TiaChooser - INFO - window opened
2020-03-23 12:15:10,694 - TiaHandler - INFO - Connected to Z:\Projects\Siemens\CEPI_reload\CEPI_reload.ap14
2020-03-23 12:15:10,766 - TiaChooser - INFO - Z:\Projects\Siemens\CEPI_reload\CEPI_reload.ap14
2020-03-23 12:15:10,766 - TiaChooser - INFO - Z:\Projects\Siemens\CEPI_reload\CEPI_reload.ap14
2020-03-23 12:15:12,461 - TiaChooser - INFO - window opened
2020-03-23 12:15:12,461 - TiaChooser - INFO - window opened
2020-03-23 12:16:40,865 - MyWindow - INFO - Program started
2020-03-23 12:16:42,609 - TiaChooser - INFO - window opened
2020-03-23 12:16:44,546 - TiaChooser - INFO - window opened
2020-03-23 12:16:49,052 - TiaChooser - INFO - window opened
2020-03-23 12:16:49,052 - TiaChooser - INFO - window opened
2020-03-23 12:16:49,052 - TiaChooser - INFO - window opened
2020-03-23 12:16:50,730 - TiaHandler - INFO - Connected to Z:\Projects\Siemens\CEPI_reload\CEPI_reload.ap14
2020-03-23 12:16:50,799 - TiaChooser - INFO - Z:\Projects\Siemens\CEPI_reload\CEPI_reload.ap14
2020-03-23 12:16:50,799 - TiaChooser - INFO - Z:\Projects\Siemens\CEPI_reload\CEPI_reload.ap14
2020-03-23 12:16:50,799 - TiaChooser - INFO - Z:\Projects\Siemens\CEPI_reload\CEPI_reload.ap14
2020-03-23 12:54:46,872 - MyWindow - INFO - Program started
2020-03-23 12:54:56,223 - TiaChooser - INFO - window opened
2020-03-23 12:54:58,801 - TiaHandler - INFO - Connected to Z:\Projects\Siemens\CEPI_reload\CEPI_reload.ap14
2020-03-23 12:54:58,887 - TiaChooser - INFO - Z:\Projects\Siemens\CEPI_reload\CEPI_reload.ap14
2020-03-23 13:17:59,216 - MyWindow - INFO - Program started
2020-03-23 13:31:16,313 - MyWindow - INFO - Program started
2020-03-23 13:31:17,841 - TiaChooser - INFO - window opened
2020-03-23 13:31:27,734 - TiaHandler - INFO - Connected to Z:\Projects\Siemens\CEPI_reload\CEPI_reload.ap14
2020-03-23 13:31:27,786 - TiaChooser - INFO - Z:\Projects\Siemens\CEPI_reload\CEPI_reload.ap14
2020-03-23 13:58:03,976 - MyWindow - INFO - Program started
2020-03-23 14:25:34,785 - MyWindow - INFO - Program started
2020-03-23 14:25:58,475 - MyWindow - INFO - Program started
2020-03-23 14:26:08,880 - MyWindow - INFO - Program started
2020-03-23 15:10:23,645 - MyWindow - INFO - Program started
2020-03-23 15:23:57,621 - MyWindow - INFO - Program started
2020-03-23 15:25:02,015 - MyWindow - INFO - Program started
2020-03-24 08:18:03,143 - MyWindow - INFO - Program started
2020-03-24 08:18:14,978 - MyWindow - INFO - Program started
2020-03-24 08:18:26,032 - TiaChooser - INFO - window opened
2020-03-24 08:18:31,123 - TiaHandler - INFO - Connected to Z:\Projects\Siemens\CEPI_reload\CEPI_reload.ap14
2020-03-24 08:18:34,281 - TiaChooser - INFO - Z:\Projects\Siemens\CEPI_reload\CEPI_reload.ap14
2020-03-24 08:19:02,472 - TiaHandler - INFO - Block Flour_Dozator_blocks was exported
2020-03-24 08:19:05,194 - TiaHandler - INFO - Block 301M_Compressor was exported
2020-03-24 08:25:15,789 - MyWindow - INFO - Program started
2020-03-24 08:25:47,024 - MyWindow - INFO - Program started
2020-03-24 08:26:06,528 - MyWindow - INFO - Program started
2020-03-24 08:27:47,892 - MyWindow - INFO - Program started
2020-03-24 08:28:26,393 - MyWindow - INFO - Program started
2020-03-24 08:28:40,794 - MyWindow - INFO - Program started
2020-03-24 08:32:09,027 - MyWindow - INFO - Program started
2020-03-24 08:42:00,472 - MyWindow - INFO - Program started
2020-03-24 08:46:41,233 - MyWindow - INFO - Program started
2020-03-24 08:48:07,517 - MyWindow - INFO - Program started
2020-03-24 08:50:20,187 - MyWindow - INFO - Program started
2020-03-24 08:52:08,556 - MyWindow - INFO - Program started
2020-03-24 08:52:23,499 - MyWindow - INFO - Program started
2020-03-24 09:13:35,179 - MyWindow - INFO - Program started
2020-03-24 09:36:15,446 - MyWindow - INFO - Program started
2020-03-24 09:40:13,795 - MyWindow - INFO - Program started
2020-03-24 09:41:38,294 - MyWindow - INFO - Program started
2020-03-24 09:42:04,534 - MyWindow - INFO - Program started
2020-03-24 09:42:17,977 - MyWindow - INFO - Program started
2020-03-24 09:42:57,772 - MyWindow - INFO - Program started
2020-03-24 09:47:22,598 - MyWindow - INFO - Program started
2020-03-24 09:47:49,815 - MyWindow - INFO - Program started
2020-03-24 09:49:07,339 - MyWindow - INFO - Program started
2020-03-24 09:51:11,168 - MyWindow - INFO - Program started
2020-03-24 09:51:27,920 - MyWindow - INFO - Program started
2020-03-24 10:06:15,123 - MyWindow - INFO - Program started
2020-03-24 10:06:32,140 - MyWindow - INFO - Program started
2020-03-24 10:06:58,284 - MyWindow - INFO - Program started
2020-03-24 10:08:12,552 - MyWindow - INFO - Program started
2020-03-24 10:28:28,787 - MyWindow - INFO - Program started
2020-03-24 10:34:16,444 - MyWindow - INFO - Program started
2020-03-24 10:43:11,297 - MyWindow - INFO - Program started
2020-03-24 10:43:29,678 - MyWindow - INFO - Program started
2020-03-24 10:47:18,877 - MyWindow - INFO - Program started
2020-03-24 10:47:27,609 - MyWindow - INFO - Program started
2020-03-24 10:48:15,929 - MyWindow - INFO - Program started
2020-03-24 10:48:59,825 - MyWindow - INFO - Program started
2020-03-24 10:49:39,966 - MyWindow - INFO - Program started
2020-03-24 10:50:02,544 - MyWindow - INFO - Program started
2020-03-24 10:50:14,565 - MyWindow - INFO - Program started
2020-03-24 10:52:02,472 - MyWindow - INFO - Program started
2020-03-24 10:52:27,465 - MyWindow - INFO - Program started
2020-03-24 10:53:06,936 - MyWindow - INFO - Program started
2020-03-24 10:53:16,440 - MyWindow - INFO - Program started
2020-03-24 10:55:32,514 - MyWindow - INFO - Program started
2020-03-24 10:58:22,216 - MyWindow - INFO - Program started
2020-03-24 10:59:45,410 - MyWindow - INFO - Program started
2020-03-24 10:59:55,232 - MyWindow - INFO - Program started
2020-03-24 11:00:04,120 - MyWindow - INFO - Program started
2020-03-24 11:01:10,456 - MyWindow - INFO - Program started
2020-03-24 11:08:15,763 - MyWindow - INFO - Program started
2020-03-24 11:11:12,746 - MyWindow - INFO - Program started
2020-03-24 11:11:30,141 - MyWindow - INFO - Program started
2020-03-24 11:12:59,011 - MyWindow - INFO - Program started
2020-03-24 11:22:44,178 - MyWindow - INFO - Program started
2020-03-24 11:23:13,381 - MyWindow - INFO - Program started
2020-03-24 11:23:27,464 - MyWindow - INFO - Program started
2020-03-24 11:23:55,396 - MyWindow - INFO - Program started
2020-03-24 11:28:20,571 - MyWindow - INFO - Program started
2020-03-24 12:00:36,618 - MyWindow - INFO - Program started
2020-03-24 12:26:09,266 - MyWindow - INFO - Program started
2020-03-24 12:27:37,041 - MyWindow - INFO - Program started
2020-03-24 12:28:11,409 - MyWindow - INFO - Program started
2020-03-24 12:29:28,419 - MyWindow - INFO - Program started
2020-03-24 12:30:20,633 - MyWindow - INFO - Program started
2020-03-24 12:32:37,370 - MyWindow - INFO - Program started
2020-03-24 12:33:27,231 - MyWindow - INFO - Program started
2020-03-24 12:33:56,106 - MyWindow - INFO - Program started
2020-03-24 12:34:45,131 - MyWindow - INFO - Program started
2020-03-24 12:35:15,270 - MyWindow - INFO - Program started
2020-03-24 12:35:34,848 - MyWindow - INFO - Program started
2020-03-24 12:45:03,893 - MyWindow - INFO - Program started
2020-03-24 12:45:30,862 - MyWindow - INFO - Program started
2020-03-24 12:50:37,292 - MyWindow - INFO - Program started
2020-03-24 12:51:48,399 - MyWindow - INFO - Program started
2020-03-24 12:52:30,782 - MyWindow - INFO - Program started
2020-03-24 13:01:27,887 - MyWindow - INFO - Program started
2020-03-24 13:01:57,702 - MyWindow - INFO - Program started
2020-03-24 13:02:10,997 - MyWindow - INFO - Program started
2020-03-24 13:02:38,768 - MyWindow - INFO - Program started
2020-03-24 13:03:16,321 - MyWindow - INFO - Program started
2020-03-24 13:22:44,591 - MyWindow - INFO - Program started
2020-03-24 14:04:21,449 - MyWindow - INFO - Program started
2020-03-24 14:05:00,856 - MyWindow - INFO - Program started
2020-03-24 14:07:00,667 - MyWindow - INFO - Program started
2020-03-24 14:07:33,577 - MyWindow - INFO - Program started
2020-03-24 14:08:53,141 - MyWindow - INFO - Program started
2020-03-24 14:11:14,710 - MyWindow - INFO - Program started
2020-03-24 14:13:18,372 - MyWindow - INFO - Program started
2020-03-24 14:13:47,559 - MyWindow - INFO - Program started
2020-03-24 14:14:39,104 - MyWindow - INFO - Program started
2020-03-24 14:15:26,953 - MyWindow - INFO - Program started
2020-03-24 14:17:08,504 - MyWindow - INFO - Program started
2020-03-24 14:19:16,508 - MyWindow - INFO - Program started
2020-03-24 14:19:45,249 - MyWindow - INFO - Program started
2020-03-24 14:20:10,111 - MyWindow - INFO - Program started
2020-03-24 14:20:30,642 - MyWindow - INFO - Program started
2020-03-24 14:21:02,809 - MyWindow - INFO - Program started
2020-03-24 14:21:13,143 - MyWindow - INFO - Program started
2020-03-24 14:22:05,907 - MyWindow - INFO - Program started
2020-03-24 14:22:52,973 - MyWindow - INFO - Program started
2020-03-24 14:25:15,281 - MyWindow - INFO - Program started
2020-03-24 14:26:41,003 - MyWindow - INFO - Program started
2020-03-24 14:27:19,282 - MyWindow - INFO - Program started
2020-03-24 14:31:00,705 - MyWindow - INFO - Program started
2020-03-24 14:32:46,872 - MyWindow - INFO - Program started
2020-03-24 14:33:35,251 - MyWindow - INFO - Program started
2020-03-24 14:33:53,021 - MyWindow - INFO - Program started
2020-03-24 14:34:49,560 - MyWindow - INFO - Program started
2020-03-24 14:35:36,263 - MyWindow - INFO - Program started
2020-03-24 14:36:32,343 - MyWindow - INFO - Program started
2020-03-24 14:37:52,589 - MyWindow - INFO - Program started
2020-03-24 14:38:36,707 - MyWindow - INFO - Program started
2020-03-24 14:40:30,355 - MyWindow - INFO - Program started
2020-03-24 14:41:14,869 - MyWindow - INFO - Program started
2020-03-24 14:42:20,100 - MyWindow - INFO - Program started
2020-03-24 14:42:52,419 - MyWindow - INFO - Program started
2020-03-24 14:47:25,746 - MyWindow - INFO - Program started
2020-03-24 14:49:12,444 - MyWindow - INFO - Program started
2020-03-24 14:49:43,217 - MyWindow - INFO - Program started
2020-03-24 14:50:58,869 - MyWindow - INFO - Program started
2020-03-24 14:51:28,790 - MyWindow - INFO - Program started
2020-03-24 14:53:47,331 - MyWindow - INFO - Program started
2020-03-24 14:55:24,478 - MyWindow - INFO - Program started
2020-03-24 14:56:31,793 - MyWindow - INFO - Program started
2020-03-24 14:57:00,941 - MyWindow - INFO - Program started
2020-03-24 15:03:49,506 - MyWindow - INFO - Program started
2020-03-24 15:04:33,059 - MyWindow - INFO - Program started
2020-03-24 15:06:16,971 - MyWindow - INFO - Program started
2020-03-24 15:12:37,152 - MyWindow - INFO - Program started
2020-03-24 15:13:08,297 - MyWindow - INFO - Program started
2020-03-24 15:13:32,266 - MyWindow - INFO - Program started
2020-03-24 15:14:23,563 - MyWindow - INFO - Program started
2020-03-24 15:17:13,752 - MyWindow - INFO - Program started
2020-03-24 15:19:04,896 - MyWindow - INFO - Program started
2020-03-24 15:19:48,031 - MyWindow - INFO - Program started
2020-03-24 15:20:01,016 - MyWindow - INFO - Program started
2020-03-24 15:22:47,545 - MyWindow - INFO - Program started
2020-03-24 15:23:47,376 - MyWindow - INFO - Program started
2020-03-24 15:26:24,540 - MyWindow - INFO - Program started
2020-03-24 15:31:12,543 - MyWindow - INFO - Program started
2020-03-24 16:00:20,844 - MyWindow - INFO - Program started
2020-03-24 16:00:25,139 - TiaChooser - INFO - window opened
2020-03-24 16:00:28,068 - TiaHandler - INFO - Connected to Z:\Projects\Siemens\CEPI_reload\CEPI_reload.ap14
2020-03-24 16:00:28,138 - TiaChooser - INFO - Z:\Projects\Siemens\CEPI_reload\CEPI_reload.ap14
2020-03-24 16:10:29,093 - MyWindow - INFO - Program started
2020-03-24 16:11:24,400 - MyWindow - INFO - Program started
2020-03-24 16:12:11,823 - MyWindow - INFO - Program started
2020-03-24 16:12:49,971 - MyWindow - INFO - Program started
2020-03-24 16:15:16,882 - MyWindow - INFO - Program started
2020-03-24 16:16:04,647 - MyWindow - INFO - Program started
2020-03-24 16:16:42,989 - MyWindow - INFO - Program started
2020-03-24 16:16:47,509 - TiaChooser - INFO - window opened
2020-03-24 16:16:50,270 - TiaHandler - INFO - Connected to Z:\Projects\Siemens\CEPI_reload\CEPI_reload.ap14
2020-03-24 16:16:50,748 - TiaChooser - INFO - Z:\Projects\Siemens\CEPI_reload\CEPI_reload.ap14
2020-03-24 16:16:59,306 - MyWindow - INFO - ERROR
2020-03-24 16:43:15,930 - MyWindow - INFO - Program started
2020-03-24 16:43:22,471 - TiaChooser - INFO - window opened
2020-03-24 16:43:25,240 - TiaHandler - INFO - Connected to Z:\Projects\Siemens\CEPI_reload\CEPI_reload.ap14
2020-03-24 16:43:25,306 - TiaChooser - INFO - Z:\Projects\Siemens\CEPI_reload\CEPI_reload.ap14
2020-03-24 16:43:39,330 - MyWindow - INFO - ERROR
2020-03-24 16:43:54,443 - MyWindow - INFO - ERROR
2020-03-24 16:46:09,090 - MyWindow - INFO - ERROR
